<?xml version="1.0" encoding="UTF-8"?>
<testsuite xmlns:xsi="http://www.w3.org/2001/XMLSchema-instance" xsi:noNamespaceSchemaLocation="https://maven.apache.org/surefire/maven-surefire-plugin/xsd/surefire-test-report-3.0.xsd" version="3.0" name="com.hasanjahidul.docManagement.DocManagementApplicationTests" time="3.228" tests="1" errors="0" skipped="0" failures="0">
  <properties>
[...]
</properties>
  <testcase name="contextLoads" classname="com.hasanjahidul.docManagement.DocManagementApplicationTests" time="0.379">
    <system-out><![CDATA[19:51:44.219 [main] INFO org.springframework.test.context.support.AnnotationConfigContextLoaderUtils -- Could not detect default configuration classes for test class [com.hasanjahidul.docManagement.DocManagementApplicationTests]: DocManagementApplicationTests does not declare any static, non-private, non-final, nested classes annotated with @Configuration.
19:51:44.279 [main] INFO org.springframework.boot.test.context.SpringBootTestContextBootstrapper -- Found @SpringBootConfiguration com.hasanjahidul.docManagement.DocManagementApplication for test class com.hasanjahidul.docManagement.DocManagementApplicationTests

  .   ____          _            __ _ _
 /\\ / ___'_ __ _ _(_)_ __  __ _ \ \ \ \
( ( )\___ | '_ | '_| | '_ \/ _` | \ \ \ \
 \\/  ___)| |_)| | | | | || (_| |  ) ) ) )
  '  |____| .__|_| |_|_| |_\__, | / / / /
 =========|_|==============|___/=/_/_/_/
 :: Spring Boot ::                (v3.1.0)

2024-04-19T19:51:44.503+06:00  INFO 846117 --- [           main] c.h.d.DocManagementApplicationTests      : Starting DocManagementApplicationTests using Java 20.0.2 with PID 846117 (started by joy in /home/joy/Documents/docManagement)
2024-04-19T19:51:44.504+06:00  INFO 846117 --- [           main] c.h.d.DocManagementApplicationTests      : The following 1 profile is active: "dev"
2024-04-19T19:51:44.898+06:00  INFO 846117 --- [           main] .s.d.r.c.RepositoryConfigurationDelegate : Multiple Spring Data modules found, entering strict repository configuration mode
2024-04-19T19:51:44.898+06:00  INFO 846117 --- [           main] .s.d.r.c.RepositoryConfigurationDelegate : Bootstrapping Spring Data JDBC repositories in DEFAULT mode.
2024-04-19T19:51:44.930+06:00  INFO 846117 --- [           main] .RepositoryConfigurationExtensionSupport : Spring Data JDBC - Could not safely identify store assignment for repository candidate interface com.hasanjahidul.docManagement.repository.AccessControlRepository; If you want this repository to be a JDBC repository, consider annotating your entities with one of these annotations: org.springframework.data.relational.core.mapping.Table.
2024-04-19T19:51:44.931+06:00  INFO 846117 --- [           main] .RepositoryConfigurationExtensionSupport : Spring Data JDBC - Could not safely identify store assignment for repository candidate interface com.hasanjahidul.docManagement.repository.DocumentRepository; If you want this repository to be a JDBC repository, consider annotating your entities with one of these annotations: org.springframework.data.relational.core.mapping.Table.
2024-04-19T19:51:44.932+06:00  INFO 846117 --- [           main] .RepositoryConfigurationExtensionSupport : Spring Data JDBC - Could not safely identify store assignment for repository candidate interface com.hasanjahidul.docManagement.repository.UserRepository; If you want this repository to be a JDBC repository, consider annotating your entities with one of these annotations: org.springframework.data.relational.core.mapping.Table.
2024-04-19T19:51:44.932+06:00  INFO 846117 --- [           main] .s.d.r.c.RepositoryConfigurationDelegate : Finished Spring Data repository scanning in 31 ms. Found 0 JDBC repository interfaces.
2024-04-19T19:51:44.943+06:00  INFO 846117 --- [           main] .s.d.r.c.RepositoryConfigurationDelegate : Multiple Spring Data modules found, entering strict repository configuration mode
2024-04-19T19:51:44.944+06:00  INFO 846117 --- [           main] .s.d.r.c.RepositoryConfigurationDelegate : Bootstrapping Spring Data JPA repositories in DEFAULT mode.
2024-04-19T19:51:44.970+06:00  INFO 846117 --- [           main] .s.d.r.c.RepositoryConfigurationDelegate : Finished Spring Data repository scanning in 23 ms. Found 3 JPA repository interfaces.
2024-04-19T19:51:45.248+06:00  INFO 846117 --- [           main] o.hibernate.jpa.internal.util.LogHelper  : HHH000204: Processing PersistenceUnitInfo [name: default]
2024-04-19T19:51:45.274+06:00  INFO 846117 --- [           main] org.hibernate.Version                    : HHH000412: Hibernate ORM core version 6.2.2.Final
2024-04-19T19:51:45.276+06:00  INFO 846117 --- [           main] org.hibernate.cfg.Environment            : HHH000406: Using bytecode reflection optimizer
2024-04-19T19:51:45.343+06:00  INFO 846117 --- [           main] o.h.b.i.BytecodeProviderInitiator        : HHH000021: Bytecode provider name : bytebuddy
2024-04-19T19:51:45.418+06:00  INFO 846117 --- [           main] o.s.o.j.p.SpringPersistenceUnitInfo      : No LoadTimeWeaver setup: ignoring JPA class transformer
2024-04-19T19:51:45.431+06:00  INFO 846117 --- [           main] com.zaxxer.hikari.HikariDataSource       : HikariPool-1 - Starting...
2024-04-19T19:51:45.564+06:00  INFO 846117 --- [           main] com.zaxxer.hikari.pool.HikariPool        : HikariPool-1 - Added connection org.postgresql.jdbc.PgConnection@5ebbde60
2024-04-19T19:51:45.565+06:00  INFO 846117 --- [           main] com.zaxxer.hikari.HikariDataSource       : HikariPool-1 - Start completed.
2024-04-19T19:51:45.591+06:00  INFO 846117 --- [           main] org.hibernate.orm.dialect                : HHH035001: Using dialect: org.hibernate.dialect.PostgreSQLDialect, version: org.hibernate.engine.jdbc.env.internal.JdbcEnvironmentInitiator$DialectResolutionInfoImpl@47a3d56a
2024-04-19T19:51:45.718+06:00  INFO 846117 --- [           main] o.h.b.i.BytecodeProviderInitiator        : HHH000021: Bytecode provider name : bytebuddy
2024-04-19T19:51:46.165+06:00  INFO 846117 --- [           main] o.h.e.t.j.p.i.JtaPlatformInitiator       : HHH000490: Using JtaPlatform implementation: [org.hibernate.engine.transaction.jta.platform.internal.NoJtaPlatform]
Hibernate: 
    alter table if exists documents 
       alter column content set data type TEXT
2024-04-19T19:51:46.254+06:00  INFO 846117 --- [           main] j.LocalContainerEntityManagerFactoryBean : Initialized JPA EntityManagerFactory for persistence unit 'default'
2024-04-19T19:51:46.574+06:00  WARN 846117 --- [           main] JpaBaseConfiguration$JpaWebConfiguration : spring.jpa.open-in-view is enabled by default. Therefore, database queries may be performed during view rendering. Explicitly configure spring.jpa.open-in-view to disable this warning
2024-04-19T19:51:46.586+06:00  WARN 846117 --- [           main] .s.s.UserDetailsServiceAutoConfiguration : 

Using generated security password: 07aeac7f-efe2-4bc4-9e4d-f4dbaba83cf1

This generated password is for development use only. Your security configuration must be updated before running your application in production.

2024-04-19T19:51:46.659+06:00  INFO 846117 --- [           main] o.s.s.web.DefaultSecurityFilterChain     : Will secure any request with [org.springframework.security.web.session.DisableEncodeUrlFilter@70ccb3bf, org.springframework.security.web.context.request.async.WebAsyncManagerIntegrationFilter@10ffe32f, org.springframework.security.web.context.SecurityContextHolderFilter@3677c508, org.springframework.security.web.header.HeaderWriterFilter@3c29f6be, org.springframework.web.filter.CorsFilter@13868c41, org.springframework.security.web.authentication.logout.LogoutFilter@4e212f46, com.hasanjahidul.docManagement.config.PermissionFilter@67d55a46, org.springframework.security.web.savedrequest.RequestCacheAwareFilter@5fe024a7, org.springframework.security.web.servletapi.SecurityContextHolderAwareRequestFilter@2210af14, org.springframework.security.web.authentication.AnonymousAuthenticationFilter@72115c48, org.springframework.security.web.access.ExceptionTranslationFilter@408b2ae2]
2024-04-19T19:51:46.962+06:00  INFO 846117 --- [           main] c.h.d.DocManagementApplicationTests      : Started DocManagementApplicationTests in 2.607 seconds (process running for 3.162)
]]></system-out>
  </testcase>
</testsuite>